Determining if the pthread_create exist failed with the following output:
Change Dir: /homes/jh4715/assessed_coursework/cgcoursework2016/CMakeFiles/CMakeTmp

Run Build Command:/usr/bin/make "cmTryCompileExec2609781142/fast"
/usr/bin/make -f CMakeFiles/cmTryCompileExec2609781142.dir/build.make CMakeFiles/cmTryCompileExec2609781142.dir/build
make[1]: Entering directory `/homes/jh4715/assessed_coursework/cgcoursework2016/CMakeFiles/CMakeTmp'
/usr/bin/cmake -E cmake_progress_report /homes/jh4715/assessed_coursework/cgcoursework2016/CMakeFiles/CMakeTmp/CMakeFiles 1
Building C object CMakeFiles/cmTryCompileExec2609781142.dir/CheckSymbolExists.c.o
/usr/bin/cc    -o CMakeFiles/cmTryCompileExec2609781142.dir/CheckSymbolExists.c.o   -c /homes/jh4715/assessed_coursework/cgcoursework2016/CMakeFiles/CMakeTmp/CheckSymbolExists.c
Linking C executable cmTryCompileExec2609781142
/usr/bin/cmake -E cmake_link_script CMakeFiles/cmTryCompileExec2609781142.dir/link.txt --verbose=1
/usr/bin/cc       CMakeFiles/cmTryCompileExec2609781142.dir/CheckSymbolExists.c.o  -o cmTryCompileExec2609781142 -rdynamic 
CMakeFiles/cmTryCompileExec2609781142.dir/CheckSymbolExists.c.o: In function `main':
CheckSymbolExists.c:(.text+0x16): undefined reference to `pthread_create'
collect2: error: ld returned 1 exit status
make[1]: *** [cmTryCompileExec2609781142] Error 1
make[1]: Leaving directory `/homes/jh4715/assessed_coursework/cgcoursework2016/CMakeFiles/CMakeTmp'
make: *** [cmTryCompileExec2609781142/fast] Error 2

File /homes/jh4715/assessed_coursework/cgcoursework2016/CMakeFiles/CMakeTmp/CheckSymbolExists.c:
/* */
#include <pthread.h>

int main(int argc, char** argv)
{
  (void)argv;
#ifndef pthread_create
  return ((int*)(&pthread_create))[argc];
#else
  (void)argc;
  return 0;
#endif
}

Determining if the function pthread_create exists in the pthreads failed with the following output:
Change Dir: /homes/jh4715/assessed_coursework/cgcoursework2016/CMakeFiles/CMakeTmp

Run Build Command:/usr/bin/make "cmTryCompileExec2279406113/fast"
/usr/bin/make -f CMakeFiles/cmTryCompileExec2279406113.dir/build.make CMakeFiles/cmTryCompileExec2279406113.dir/build
make[1]: Entering directory `/homes/jh4715/assessed_coursework/cgcoursework2016/CMakeFiles/CMakeTmp'
/usr/bin/cmake -E cmake_progress_report /homes/jh4715/assessed_coursework/cgcoursework2016/CMakeFiles/CMakeTmp/CMakeFiles 1
Building C object CMakeFiles/cmTryCompileExec2279406113.dir/CheckFunctionExists.c.o
/usr/bin/cc   -DCHECK_FUNCTION_EXISTS=pthread_create   -o CMakeFiles/cmTryCompileExec2279406113.dir/CheckFunctionExists.c.o   -c /usr/share/cmake-2.8/Modules/CheckFunctionExists.c
Linking C executable cmTryCompileExec2279406113
/usr/bin/cmake -E cmake_link_script CMakeFiles/cmTryCompileExec2279406113.dir/link.txt --verbose=1
/usr/bin/cc   -DCHECK_FUNCTION_EXISTS=pthread_create    CMakeFiles/cmTryCompileExec2279406113.dir/CheckFunctionExists.c.o  -o cmTryCompileExec2279406113 -rdynamic -lpthreads 
/usr/bin/ld: cannot find -lpthreads
collect2: error: ld returned 1 exit status
make[1]: *** [cmTryCompileExec2279406113] Error 1
make[1]: Leaving directory `/homes/jh4715/assessed_coursework/cgcoursework2016/CMakeFiles/CMakeTmp'
make: *** [cmTryCompileExec2279406113/fast] Error 2


